{"environment":"development","error":"database \"hrms_db\" does not exist","level":"error","message":"Failed to connect to database","service":"hrms-lite-api","timestamp":"2026-03-07T14:32:18.732+05:30"}
{"environment":"development","error":"database \"hrms_db\" does not exist","level":"error","message":"Failed to connect to database","service":"hrms-lite-api","timestamp":"2026-03-07T14:32:48.232+05:30"}
{"environment":"development","level":"info","message":"SQLite database opened","path":"C:\\Users\\prash\\hrms\\backend\\data\\hrms.db","service":"hrms-lite-api","timestamp":"2026-03-07T18:29:14.952+05:30"}
{"environment":"development","level":"info","message":"db_connected","path":"C:\\Users\\prash\\hrms\\backend\\data\\hrms.db","service":"hrms-lite-api","timestamp":"2026-03-07T18:29:15.127+05:30","type":"lifecycle"}
{"environment":"development","level":"info","message":"Running SQLite migrations...","service":"hrms-lite-api","timestamp":"2026-03-07T18:29:15.128+05:30"}
{"environment":"development","level":"info","message":"SQLite migrations completed successfully","service":"hrms-lite-api","timestamp":"2026-03-07T18:29:15.137+05:30"}
{"db":"C:\\Users\\prash\\hrms\\backend\\data\\hrms.db","environment":"development","level":"info","message":"server_started","pid":22548,"port":8000,"service":"hrms-lite-api","timestamp":"2026-03-07T18:29:15.145+05:30","type":"lifecycle"}
{"environment":"development","level":"info","message":"SQLite database opened","path":"C:\\Users\\prash\\hrms\\backend\\data\\hrms.db","service":"hrms-lite-api","timestamp":"2026-03-07T19:09:50.624+05:30"}
{"environment":"development","level":"info","message":"db_connected","path":"C:\\Users\\prash\\hrms\\backend\\data\\hrms.db","service":"hrms-lite-api","timestamp":"2026-03-07T19:09:50.792+05:30","type":"lifecycle"}
{"environment":"development","level":"info","message":"Running SQLite migrations...","service":"hrms-lite-api","timestamp":"2026-03-07T19:09:50.792+05:30"}
{"environment":"development","level":"info","message":"SQLite migrations completed successfully","service":"hrms-lite-api","timestamp":"2026-03-07T19:09:50.794+05:30"}
{"db":"C:\\Users\\prash\\hrms\\backend\\data\\hrms.db","environment":"development","level":"info","message":"server_started","pid":19176,"port":8000,"service":"hrms-lite-api","timestamp":"2026-03-07T19:09:50.800+05:30","type":"lifecycle"}
{"durationMs":750,"environment":"development","ip":"::1","level":"info","message":"http_request","method":"POST","service":"hrms-lite-api","statusCode":201,"timestamp":"2026-03-07T19:28:21.015+05:30","type":"http","url":"/api/v1/users/register"}
{"environment":"development","event":"login_attempt","ip":"::1","level":"info","message":"security_event","service":"hrms-lite-api","success":true,"timestamp":"2026-03-07T19:28:41.866+05:30","type":"security","userId":1}
{"durationMs":722,"environment":"development","ip":"::1","level":"info","message":"http_request","method":"POST","service":"hrms-lite-api","statusCode":200,"timestamp":"2026-03-07T19:28:41.903+05:30","type":"http","url":"/api/v1/users/login"}
{"durationMs":20,"environment":"development","ip":"::1","level":"info","message":"http_request","method":"GET","service":"hrms-lite-api","statusCode":200,"timestamp":"2026-03-07T19:28:42.014+05:30","type":"http","url":"/api/v1/employees/","userId":"1"}
{"durationMs":8,"environment":"development","ip":"::1","level":"info","message":"http_request","method":"GET","service":"hrms-lite-api","statusCode":304,"timestamp":"2026-03-07T19:28:42.031+05:30","type":"http","url":"/api/v1/employees/","userId":"1"}
{"environment":"development","event":"login_attempt","ip":"::1","level":"info","message":"security_event","service":"hrms-lite-api","success":true,"timestamp":"2026-03-07T19:29:11.052+05:30","type":"security","userId":1}
{"durationMs":696,"environment":"development","ip":"::1","level":"info","message":"http_request","method":"POST","service":"hrms-lite-api","statusCode":200,"timestamp":"2026-03-07T19:29:11.058+05:30","type":"http","url":"/api/v1/users/login"}
{"durationMs":7,"environment":"development","ip":"::1","level":"info","message":"http_request","method":"GET","service":"hrms-lite-api","statusCode":304,"timestamp":"2026-03-07T19:29:11.095+05:30","type":"http","url":"/api/v1/employees/","userId":"1"}
{"durationMs":5,"environment":"development","ip":"::1","level":"info","message":"http_request","method":"GET","service":"hrms-lite-api","statusCode":304,"timestamp":"2026-03-07T19:29:11.106+05:30","type":"http","url":"/api/v1/employees/","userId":"1"}
{"durationMs":20,"environment":"development","ip":"::1","level":"info","message":"http_request","method":"POST","service":"hrms-lite-api","statusCode":201,"timestamp":"2026-03-07T19:29:29.492+05:30","type":"http","url":"/api/v1/employees/","userId":"1"}
{"durationMs":5,"environment":"development","ip":"::1","level":"info","message":"http_request","method":"GET","service":"hrms-lite-api","statusCode":200,"timestamp":"2026-03-07T19:29:29.532+05:30","type":"http","url":"/api/v1/employees/","userId":"1"}
{"durationMs":8,"environment":"development","ip":"::1","level":"info","message":"http_request","method":"GET","service":"hrms-lite-api","statusCode":200,"timestamp":"2026-03-07T19:29:32.892+05:30","type":"http","url":"/api/v1/employees/Emp01","userId":"1"}
{"durationMs":9,"environment":"development","ip":"::1","level":"info","message":"http_request","method":"GET","service":"hrms-lite-api","statusCode":200,"timestamp":"2026-03-07T19:29:32.904+05:30","type":"http","url":"/api/v1/attendances/employee/Emp01","userId":"1"}
{"durationMs":11,"environment":"development","ip":"::1","level":"info","message":"http_request","method":"GET","service":"hrms-lite-api","statusCode":304,"timestamp":"2026-03-07T19:29:32.918+05:30","type":"http","url":"/api/v1/employees/Emp01","userId":"1"}
{"durationMs":5,"environment":"development","ip":"::1","level":"info","message":"http_request","method":"GET","service":"hrms-lite-api","statusCode":304,"timestamp":"2026-03-07T19:29:32.929+05:30","type":"http","url":"/api/v1/attendances/employee/Emp01","userId":"1"}
{"durationMs":24,"environment":"development","ip":"::1","level":"info","message":"http_request","method":"POST","service":"hrms-lite-api","statusCode":201,"timestamp":"2026-03-07T19:29:37.654+05:30","type":"http","url":"/api/v1/attendances/","userId":"1"}
{"durationMs":7,"environment":"development","ip":"::1","level":"info","message":"http_request","method":"GET","service":"hrms-lite-api","statusCode":200,"timestamp":"2026-03-07T19:29:37.671+05:30","type":"http","url":"/api/v1/employees/Emp01","userId":"1"}
{"durationMs":9,"environment":"development","ip":"::1","level":"info","message":"http_request","method":"GET","service":"hrms-lite-api","statusCode":200,"timestamp":"2026-03-07T19:29:37.686+05:30","type":"http","url":"/api/v1/attendances/employee/Emp01","userId":"1"}
{"durationMs":7,"environment":"development","ip":"::1","level":"info","message":"http_request","method":"GET","service":"hrms-lite-api","statusCode":304,"timestamp":"2026-03-07T19:29:41.248+05:30","type":"http","url":"/api/v1/employees/","userId":"1"}
{"durationMs":5,"environment":"development","ip":"::1","level":"info","message":"http_request","method":"GET","service":"hrms-lite-api","statusCode":304,"timestamp":"2026-03-07T19:29:41.260+05:30","type":"http","url":"/api/v1/employees/","userId":"1"}
{"durationMs":13,"environment":"development","ip":"::1","level":"info","message":"http_request","method":"GET","service":"hrms-lite-api","statusCode":401,"timestamp":"2026-03-07T19:29:54.138+05:30","type":"http","url":"/api/v1/employees/"}
{"durationMs":3,"environment":"development","ip":"::1","level":"info","message":"http_request","method":"GET","service":"hrms-lite-api","statusCode":304,"timestamp":"2026-03-07T19:29:54.144+05:30","type":"http","url":"/api/v1/employees/","userId":"1"}
{"environment":"development","event":"login_attempt","ip":"::1","level":"info","message":"security_event","service":"hrms-lite-api","success":true,"timestamp":"2026-03-07T19:30:21.371+05:30","type":"security","userId":1}
{"durationMs":750,"environment":"development","ip":"::1","level":"info","message":"http_request","method":"POST","service":"hrms-lite-api","statusCode":200,"timestamp":"2026-03-07T19:30:21.375+05:30","type":"http","url":"/api/v1/users/login"}
{"durationMs":11,"environment":"development","ip":"::1","level":"info","message":"http_request","method":"GET","service":"hrms-lite-api","statusCode":304,"timestamp":"2026-03-07T19:30:21.405+05:30","type":"http","url":"/api/v1/employees/","userId":"1"}
{"durationMs":5,"environment":"development","ip":"::1","level":"info","message":"http_request","method":"GET","service":"hrms-lite-api","statusCode":304,"timestamp":"2026-03-07T19:30:21.418+05:30","type":"http","url":"/api/v1/employees/","userId":"1"}
{"durationMs":6,"environment":"development","ip":"::1","level":"info","message":"http_request","method":"GET","service":"hrms-lite-api","statusCode":401,"timestamp":"2026-03-07T19:30:25.186+05:30","type":"http","url":"/api/v1/employees/"}
{"durationMs":13,"environment":"development","ip":"::1","level":"info","message":"http_request","method":"GET","service":"hrms-lite-api","statusCode":304,"timestamp":"2026-03-07T19:30:25.203+05:30","type":"http","url":"/api/v1/employees/","userId":"1"}
{"environment":"development","event":"login_attempt","ip":"::1","level":"info","message":"security_event","service":"hrms-lite-api","success":true,"timestamp":"2026-03-07T20:34:37.781+05:30","type":"security","userId":1}
{"durationMs":455,"environment":"development","ip":"::1","level":"info","message":"http_request","method":"POST","service":"hrms-lite-api","statusCode":200,"timestamp":"2026-03-07T20:34:37.843+05:30","type":"http","url":"/api/v1/users/login"}
{"durationMs":10,"environment":"development","ip":"::1","level":"info","message":"http_request","method":"GET","service":"hrms-lite-api","statusCode":304,"timestamp":"2026-03-07T20:34:37.889+05:30","type":"http","url":"/api/v1/employees/","userId":"1"}
{"durationMs":2,"environment":"development","ip":"::1","level":"info","message":"http_request","method":"GET","service":"hrms-lite-api","statusCode":304,"timestamp":"2026-03-07T20:34:37.893+05:30","type":"http","url":"/api/v1/employees/","userId":"1"}
{"durationMs":4,"environment":"development","ip":"::1","level":"info","message":"http_request","method":"GET","service":"hrms-lite-api","statusCode":304,"timestamp":"2026-03-07T20:35:05.022+05:30","type":"http","url":"/api/v1/employees/Emp01","userId":"1"}
{"durationMs":1,"environment":"development","ip":"::1","level":"info","message":"http_request","method":"GET","service":"hrms-lite-api","statusCode":304,"timestamp":"2026-03-07T20:35:05.025+05:30","type":"http","url":"/api/v1/employees/Emp01","userId":"1"}
{"durationMs":4,"environment":"development","ip":"::1","level":"info","message":"http_request","method":"GET","service":"hrms-lite-api","statusCode":304,"timestamp":"2026-03-07T20:35:05.044+05:30","type":"http","url":"/api/v1/attendances/employee/Emp01","userId":"1"}
{"durationMs":3,"environment":"development","ip":"::1","level":"info","message":"http_request","method":"GET","service":"hrms-lite-api","statusCode":304,"timestamp":"2026-03-07T20:35:05.052+05:30","type":"http","url":"/api/v1/attendances/employee/Emp01","userId":"1"}
{"durationMs":2,"environment":"development","ip":"::1","level":"info","message":"http_request","method":"GET","service":"hrms-lite-api","statusCode":304,"timestamp":"2026-03-07T20:35:08.532+05:30","type":"http","url":"/api/v1/employees/","userId":"1"}
{"durationMs":2,"environment":"development","ip":"::1","level":"info","message":"http_request","method":"GET","service":"hrms-lite-api","statusCode":304,"timestamp":"2026-03-07T20:35:08.536+05:30","type":"http","url":"/api/v1/employees/","userId":"1"}
{"durationMs":3,"environment":"development","ip":"::1","level":"info","message":"http_request","method":"GET","service":"hrms-lite-api","statusCode":304,"timestamp":"2026-03-07T20:35:32.904+05:30","type":"http","url":"/api/v1/employees/Emp01","userId":"1"}
{"durationMs":6,"environment":"development","ip":"::1","level":"info","message":"http_request","method":"GET","service":"hrms-lite-api","statusCode":304,"timestamp":"2026-03-07T20:35:32.911+05:30","type":"http","url":"/api/v1/employees/Emp01","userId":"1"}
{"durationMs":6,"environment":"development","ip":"::1","level":"info","message":"http_request","method":"GET","service":"hrms-lite-api","statusCode":304,"timestamp":"2026-03-07T20:35:32.919+05:30","type":"http","url":"/api/v1/attendances/employee/Emp01","userId":"1"}
{"durationMs":2,"environment":"development","ip":"::1","level":"info","message":"http_request","method":"GET","service":"hrms-lite-api","statusCode":304,"timestamp":"2026-03-07T20:35:32.924+05:30","type":"http","url":"/api/v1/attendances/employee/Emp01","userId":"1"}
{"durationMs":7,"environment":"development","ip":"::1","level":"info","message":"http_request","method":"GET","service":"hrms-lite-api","statusCode":401,"timestamp":"2026-03-07T20:35:55.014+05:30","type":"http","url":"/api/v1/employees/Emp01"}
{"durationMs":3,"environment":"development","ip":"::1","level":"info","message":"http_request","method":"GET","service":"hrms-lite-api","statusCode":304,"timestamp":"2026-03-07T20:35:55.018+05:30","type":"http","url":"/api/v1/employees/Emp01","userId":"1"}
{"durationMs":11,"environment":"development","ip":"::1","level":"info","message":"http_request","method":"GET","service":"hrms-lite-api","statusCode":401,"timestamp":"2026-03-07T20:35:55.032+05:30","type":"http","url":"/api/v1/attendances/employee/Emp01"}
{"durationMs":5,"environment":"development","ip":"::1","level":"info","message":"http_request","method":"GET","service":"hrms-lite-api","statusCode":304,"timestamp":"2026-03-07T20:35:55.049+05:30","type":"http","url":"/api/v1/attendances/employee/Emp01","userId":"1"}
{"environment":"development","event":"login_attempt","ip":"::1","level":"info","message":"security_event","service":"hrms-lite-api","success":true,"timestamp":"2026-03-07T20:36:10.045+05:30","type":"security","userId":1}
{"durationMs":346,"environment":"development","ip":"::1","level":"info","message":"http_request","method":"POST","service":"hrms-lite-api","statusCode":200,"timestamp":"2026-03-07T20:36:10.048+05:30","type":"http","url":"/api/v1/users/login"}
{"durationMs":11,"environment":"development","ip":"::1","level":"info","message":"http_request","method":"GET","service":"hrms-lite-api","statusCode":304,"timestamp":"2026-03-07T20:36:10.078+05:30","type":"http","url":"/api/v1/employees/","userId":"1"}
{"durationMs":6,"environment":"development","ip":"::1","level":"info","message":"http_request","method":"GET","service":"hrms-lite-api","statusCode":304,"timestamp":"2026-03-07T20:36:10.098+05:30","type":"http","url":"/api/v1/employees/","userId":"1"}
{"durationMs":1,"environment":"development","ip":"::1","level":"info","message":"http_request","method":"GET","service":"hrms-lite-api","statusCode":401,"timestamp":"2026-03-07T20:36:29.369+05:30","type":"http","url":"/api/v1/employees/"}
{"durationMs":10,"environment":"development","ip":"::1","level":"info","message":"http_request","method":"GET","service":"hrms-lite-api","statusCode":304,"timestamp":"2026-03-07T20:36:29.386+05:30","type":"http","url":"/api/v1/employees/","userId":"1"}
{"environment":"development","event":"login_attempt","ip":"::1","level":"info","message":"security_event","service":"hrms-lite-api","success":true,"timestamp":"2026-03-07T20:36:53.466+05:30","type":"security","userId":1}
{"durationMs":290,"environment":"development","ip":"::1","level":"info","message":"http_request","method":"POST","service":"hrms-lite-api","statusCode":200,"timestamp":"2026-03-07T20:36:53.470+05:30","type":"http","url":"/api/v1/users/login"}
{"durationMs":3,"environment":"development","ip":"::1","level":"info","message":"http_request","method":"GET","service":"hrms-lite-api","statusCode":304,"timestamp":"2026-03-07T20:36:53.492+05:30","type":"http","url":"/api/v1/employees/","userId":"1"}
{"durationMs":5,"environment":"development","ip":"::1","level":"info","message":"http_request","method":"GET","service":"hrms-lite-api","statusCode":304,"timestamp":"2026-03-07T20:36:53.502+05:30","type":"http","url":"/api/v1/employees/","userId":"1"}
{"durationMs":12,"environment":"development","ip":"::1","level":"info","message":"http_request","method":"GET","service":"hrms-lite-api","statusCode":401,"timestamp":"2026-03-07T20:37:22.484+05:30","type":"http","url":"/api/v1/employees/"}
{"durationMs":6,"environment":"development","ip":"::1","level":"info","message":"http_request","method":"GET","service":"hrms-lite-api","statusCode":304,"timestamp":"2026-03-07T20:37:22.512+05:30","type":"http","url":"/api/v1/employees/","userId":"1"}
{"environment":"development","event":"login_attempt","ip":"::1","level":"info","message":"security_event","service":"hrms-lite-api","success":true,"timestamp":"2026-03-07T20:52:02.753+05:30","type":"security","userId":1}
{"durationMs":387,"environment":"development","ip":"::1","level":"info","message":"http_request","method":"POST","service":"hrms-lite-api","statusCode":200,"timestamp":"2026-03-07T20:52:02.810+05:30","type":"http","url":"/api/v1/users/login"}
{"durationMs":9,"environment":"development","ip":"::1","level":"info","message":"http_request","method":"GET","service":"hrms-lite-api","statusCode":304,"timestamp":"2026-03-07T20:52:02.856+05:30","type":"http","url":"/api/v1/employees/","userId":"1"}
{"durationMs":3,"environment":"development","ip":"::1","level":"info","message":"http_request","method":"GET","service":"hrms-lite-api","statusCode":304,"timestamp":"2026-03-07T20:52:02.862+05:30","type":"http","url":"/api/v1/employees/","userId":"1"}
{"durationMs":11,"environment":"development","ip":"::1","level":"info","message":"http_request","method":"GET","service":"hrms-lite-api","statusCode":304,"timestamp":"2026-03-07T20:52:06.841+05:30","type":"http","url":"/api/v1/employees/","userId":"1"}
{"durationMs":3,"environment":"development","ip":"::1","level":"info","message":"http_request","method":"GET","service":"hrms-lite-api","statusCode":304,"timestamp":"2026-03-07T20:52:06.846+05:30","type":"http","url":"/api/v1/employees/","userId":"1"}
{"durationMs":6,"environment":"development","ip":"::1","level":"info","message":"http_request","method":"GET","service":"hrms-lite-api","statusCode":304,"timestamp":"2026-03-07T20:52:25.902+05:30","type":"http","url":"/api/v1/employees/Emp01","userId":"1"}
{"durationMs":5,"environment":"development","ip":"::1","level":"info","message":"http_request","method":"GET","service":"hrms-lite-api","statusCode":304,"timestamp":"2026-03-07T20:52:25.909+05:30","type":"http","url":"/api/v1/attendances/employee/Emp01","userId":"1"}
{"durationMs":3,"environment":"development","ip":"::1","level":"info","message":"http_request","method":"GET","service":"hrms-lite-api","statusCode":304,"timestamp":"2026-03-07T20:52:25.914+05:30","type":"http","url":"/api/v1/employees/Emp01","userId":"1"}
{"durationMs":3,"environment":"development","ip":"::1","level":"info","message":"http_request","method":"GET","service":"hrms-lite-api","statusCode":304,"timestamp":"2026-03-07T20:52:25.924+05:30","type":"http","url":"/api/v1/attendances/employee/Emp01","userId":"1"}
{"durationMs":8,"environment":"development","ip":"::1","level":"info","message":"http_request","method":"GET","service":"hrms-lite-api","statusCode":304,"timestamp":"2026-03-07T20:52:28.578+05:30","type":"http","url":"/api/v1/employees/Emp01","userId":"1"}
{"durationMs":5,"environment":"development","ip":"::1","level":"info","message":"http_request","method":"GET","service":"hrms-lite-api","statusCode":304,"timestamp":"2026-03-07T20:52:28.586+05:30","type":"http","url":"/api/v1/employees/Emp01","userId":"1"}
{"durationMs":5,"environment":"development","ip":"::1","level":"info","message":"http_request","method":"GET","service":"hrms-lite-api","statusCode":304,"timestamp":"2026-03-07T20:52:28.600+05:30","type":"http","url":"/api/v1/attendances/employee/Emp01","userId":"1"}
{"durationMs":4,"environment":"development","ip":"::1","level":"info","message":"http_request","method":"GET","service":"hrms-lite-api","statusCode":304,"timestamp":"2026-03-07T20:52:28.613+05:30","type":"http","url":"/api/v1/attendances/employee/Emp01","userId":"1"}
{"durationMs":6,"environment":"development","ip":"::1","level":"info","message":"http_request","method":"GET","service":"hrms-lite-api","statusCode":304,"timestamp":"2026-03-07T20:53:03.218+05:30","type":"http","url":"/api/v1/employees/","userId":"1"}
{"durationMs":3,"environment":"development","ip":"::1","level":"info","message":"http_request","method":"GET","service":"hrms-lite-api","statusCode":304,"timestamp":"2026-03-07T20:53:03.227+05:30","type":"http","url":"/api/v1/employees/","userId":"1"}
{"durationMs":12,"environment":"development","ip":"::1","level":"info","message":"http_request","method":"GET","service":"hrms-lite-api","statusCode":304,"timestamp":"2026-03-07T20:56:10.798+05:30","type":"http","url":"/api/v1/employees/","userId":"1"}
{"durationMs":4,"environment":"development","ip":"::1","level":"info","message":"http_request","method":"GET","service":"hrms-lite-api","statusCode":304,"timestamp":"2026-03-07T20:56:10.810+05:30","type":"http","url":"/api/v1/employees/","userId":"1"}
{"durationMs":76,"environment":"development","ip":"::1","level":"info","message":"http_request","method":"GET","service":"hrms-lite-api","statusCode":304,"timestamp":"2026-03-07T21:01:19.078+05:30","type":"http","url":"/api/v1/employees/","userId":"1"}
{"durationMs":53,"environment":"development","ip":"::1","level":"info","message":"http_request","method":"DELETE","service":"hrms-lite-api","statusCode":204,"timestamp":"2026-03-07T21:01:34.937+05:30","type":"http","url":"/api/v1/employees/Emp01","userId":"1"}
{"durationMs":2,"environment":"development","ip":"::1","level":"info","message":"http_request","method":"GET","service":"hrms-lite-api","statusCode":200,"timestamp":"2026-03-07T21:01:34.954+05:30","type":"http","url":"/api/v1/employees/","userId":"1"}
{"durationMs":5,"environment":"development","ip":"::1","level":"info","message":"http_request","method":"GET","service":"hrms-lite-api","statusCode":304,"timestamp":"2026-03-07T21:01:39.556+05:30","type":"http","url":"/api/v1/employees/","userId":"1"}
{"durationMs":3,"environment":"development","ip":"::1","level":"info","message":"http_request","method":"GET","service":"hrms-lite-api","statusCode":304,"timestamp":"2026-03-07T21:01:39.561+05:30","type":"http","url":"/api/v1/employees/","userId":"1"}
{"durationMs":11,"environment":"development","ip":"::1","level":"info","message":"http_request","method":"POST","service":"hrms-lite-api","statusCode":201,"timestamp":"2026-03-07T21:01:57.346+05:30","type":"http","url":"/api/v1/employees/","userId":"1"}
{"durationMs":5,"environment":"development","ip":"::1","level":"info","message":"http_request","method":"GET","service":"hrms-lite-api","statusCode":200,"timestamp":"2026-03-07T21:01:57.360+05:30","type":"http","url":"/api/v1/employees/","userId":"1"}
{"durationMs":5,"environment":"development","ip":"::1","level":"info","message":"http_request","method":"GET","service":"hrms-lite-api","statusCode":200,"timestamp":"2026-03-07T21:02:00.891+05:30","type":"http","url":"/api/v1/employees/?search=P","userId":"1"}
{"durationMs":3,"environment":"development","ip":"::1","level":"info","message":"http_request","method":"GET","service":"hrms-lite-api","statusCode":200,"timestamp":"2026-03-07T21:02:02.339+05:30","type":"http","url":"/api/v1/employees/?search=Prashan","userId":"1"}
{"durationMs":4,"environment":"development","ip":"::1","level":"info","message":"http_request","method":"GET","service":"hrms-lite-api","statusCode":200,"timestamp":"2026-03-07T21:02:04.287+05:30","type":"http","url":"/api/v1/employees/?search=Prashant","userId":"1"}
{"durationMs":3,"environment":"development","ip":"::1","level":"info","message":"http_request","method":"GET","service":"hrms-lite-api","statusCode":304,"timestamp":"2026-03-07T21:02:07.435+05:30","type":"http","url":"/api/v1/employees/","userId":"1"}
{"durationMs":36,"environment":"development","ip":"::1","level":"info","message":"http_request","method":"POST","service":"hrms-lite-api","statusCode":201,"timestamp":"2026-03-07T21:02:25.648+05:30","type":"http","url":"/api/v1/employees/","userId":"1"}
{"durationMs":6,"environment":"development","ip":"::1","level":"info","message":"http_request","method":"GET","service":"hrms-lite-api","statusCode":200,"timestamp":"2026-03-07T21:02:25.662+05:30","type":"http","url":"/api/v1/employees/","userId":"1"}
{"durationMs":3,"environment":"development","ip":"::1","level":"info","message":"http_request","method":"GET","service":"hrms-lite-api","statusCode":200,"timestamp":"2026-03-07T21:02:29.181+05:30","type":"http","url":"/api/v1/employees/?search=R","userId":"1"}
{"durationMs":3,"environment":"development","ip":"::1","level":"info","message":"http_request","method":"GET","service":"hrms-lite-api","statusCode":200,"timestamp":"2026-03-07T21:02:29.526+05:30","type":"http","url":"/api/v1/employees/?search=Ra","userId":"1"}
{"durationMs":7,"environment":"development","ip":"::1","level":"info","message":"http_request","method":"GET","service":"hrms-lite-api","statusCode":200,"timestamp":"2026-03-07T21:02:31.673+05:30","type":"http","url":"/api/v1/employees/?search=Rah","userId":"1"}
{"durationMs":5,"environment":"development","ip":"::1","level":"info","message":"http_request","method":"GET","service":"hrms-lite-api","statusCode":304,"timestamp":"2026-03-07T21:02:34.681+05:30","type":"http","url":"/api/v1/employees/","userId":"1"}
{"durationMs":10,"environment":"development","ip":"::1","level":"info","message":"http_request","method":"GET","service":"hrms-lite-api","statusCode":200,"timestamp":"2026-03-07T21:02:41.072+05:30","type":"http","url":"/api/v1/employees/Emp02","userId":"1"}
{"durationMs":2,"environment":"development","ip":"::1","level":"info","message":"http_request","method":"GET","service":"hrms-lite-api","statusCode":200,"timestamp":"2026-03-07T21:02:41.076+05:30","type":"http","url":"/api/v1/attendances/employee/Emp02","userId":"1"}
{"durationMs":7,"environment":"development","ip":"::1","level":"info","message":"http_request","method":"GET","service":"hrms-lite-api","statusCode":304,"timestamp":"2026-03-07T21:02:41.084+05:30","type":"http","url":"/api/v1/employees/Emp02","userId":"1"}
{"durationMs":2,"environment":"development","ip":"::1","level":"info","message":"http_request","method":"GET","service":"hrms-lite-api","statusCode":304,"timestamp":"2026-03-07T21:02:41.089+05:30","type":"http","url":"/api/v1/attendances/employee/Emp02","userId":"1"}
{"durationMs":7,"environment":"development","ip":"::1","level":"info","message":"http_request","method":"POST","service":"hrms-lite-api","statusCode":201,"timestamp":"2026-03-07T21:02:47.852+05:30","type":"http","url":"/api/v1/attendances/","userId":"1"}
{"durationMs":3,"environment":"development","ip":"::1","level":"info","message":"http_request","method":"GET","service":"hrms-lite-api","statusCode":200,"timestamp":"2026-03-07T21:02:47.876+05:30","type":"http","url":"/api/v1/attendances/employee/Emp02","userId":"1"}
{"durationMs":8,"environment":"development","ip":"::1","level":"info","message":"http_request","method":"GET","service":"hrms-lite-api","statusCode":200,"timestamp":"2026-03-07T21:02:47.887+05:30","type":"http","url":"/api/v1/employees/Emp02","userId":"1"}
{"durationMs":2,"environment":"development","ip":"::1","level":"info","message":"http_request","method":"GET","service":"hrms-lite-api","statusCode":304,"timestamp":"2026-03-07T21:02:58.136+05:30","type":"http","url":"/api/v1/employees/","userId":"1"}
{"durationMs":2,"environment":"development","ip":"::1","level":"info","message":"http_request","method":"GET","service":"hrms-lite-api","statusCode":304,"timestamp":"2026-03-07T21:02:58.140+05:30","type":"http","url":"/api/v1/employees/","userId":"1"}
{"durationMs":2,"environment":"development","ip":"::1","level":"info","message":"http_request","method":"GET","service":"hrms-lite-api","statusCode":304,"timestamp":"2026-03-07T21:03:11.168+05:30","type":"http","url":"/api/v1/employees/Emp02","userId":"1"}
{"durationMs":2,"environment":"development","ip":"::1","level":"info","message":"http_request","method":"GET","service":"hrms-lite-api","statusCode":304,"timestamp":"2026-03-07T21:03:11.171+05:30","type":"http","url":"/api/v1/attendances/employee/Emp02","userId":"1"}
{"durationMs":2,"environment":"development","ip":"::1","level":"info","message":"http_request","method":"GET","service":"hrms-lite-api","statusCode":304,"timestamp":"2026-03-07T21:03:11.174+05:30","type":"http","url":"/api/v1/employees/Emp02","userId":"1"}
{"durationMs":2,"environment":"development","ip":"::1","level":"info","message":"http_request","method":"GET","service":"hrms-lite-api","statusCode":304,"timestamp":"2026-03-07T21:03:11.179+05:30","type":"http","url":"/api/v1/attendances/employee/Emp02","userId":"1"}
{"durationMs":6,"environment":"development","ip":"::1","level":"info","message":"http_request","method":"GET","service":"hrms-lite-api","statusCode":304,"timestamp":"2026-03-07T21:03:13.830+05:30","type":"http","url":"/api/v1/employees/Emp02","userId":"1"}
{"durationMs":3,"environment":"development","ip":"::1","level":"info","message":"http_request","method":"GET","service":"hrms-lite-api","statusCode":304,"timestamp":"2026-03-07T21:03:13.844+05:30","type":"http","url":"/api/v1/employees/Emp02","userId":"1"}
{"durationMs":2,"environment":"development","ip":"::1","level":"info","message":"http_request","method":"GET","service":"hrms-lite-api","statusCode":304,"timestamp":"2026-03-07T21:03:13.857+05:30","type":"http","url":"/api/v1/attendances/employee/Emp02","userId":"1"}
{"durationMs":13,"environment":"development","ip":"::1","level":"info","message":"http_request","method":"GET","service":"hrms-lite-api","statusCode":304,"timestamp":"2026-03-07T21:03:13.874+05:30","type":"http","url":"/api/v1/attendances/employee/Emp02","userId":"1"}
